<?xml version="1.0" encoding="UTF-8"?>
<testng-results ignored="0" total="1" passed="1" failed="0" skipped="0">
  <reporter-output>
  </reporter-output>
  <suite started-at="2023-11-16T08:36:54 IST" name="Suite" finished-at="2023-11-16T08:36:54 IST" duration-ms="66">
    <groups>
    </groups>
    <test started-at="2023-11-16T08:36:54 IST" name="TestName" finished-at="2023-11-16T08:36:54 IST" duration-ms="66">
      <class name="testng.ListenerToTestCaseConnection">
        <test-method signature="sample()[pri:0, instance:testng.ListenerToTestCaseConnection@51f116b8]" started-at="2023-11-16T08:36:54 IST" name="sample" finished-at="2023-11-16T08:36:54 IST" duration-ms="11" status="PASS">
          <reporter-output>
          </reporter-output>
        </test-method> <!-- sample -->
      </class> <!-- testng.ListenerToTestCaseConnection -->
    </test> <!-- TestName -->
  </suite> <!-- Suite -->
</testng-results>
