<?xml version="1.0" encoding="UTF-8"?>
<!-- Generated by org.testng.reporters.JUnitXMLReporter -->
<testsuite ignored="0" hostname="DESKTOP-L1UF7SU" failures="1" tests="1" name="Test(failed)" time="4.387" errors="0" timestamp="2023-11-10T09:48:01 IST">
  <testcase classname="testNGEcecution.TC_04" name="navigatingToMyntra" time="4.344">
    <failure type="java.lang.AssertionError">
      <![CDATA[java.lang.AssertionError
at org.junit.Assert.fail(Assert.java:86)
at org.junit.Assert.assertTrue(Assert.java:41)
at org.junit.Assert.assertTrue(Assert.java:52)
at testNGEcecution.TC_04.navigatingToMyntra(TC_04.java:20)
at java.base/java.util.ArrayList.forEach(ArrayList.java:1511)
... Removed 27 stack frames]]>
    </failure>
  </testcase> <!-- navigatingToMyntra -->
</testsuite> <!-- Test(failed) -->
