<?xml version="1.0" encoding="UTF-8"?>
<!-- Generated by org.testng.reporters.JUnitXMLReporter -->
<testsuite ignored="0" hostname="DESKTOP-L1UF7SU" failures="0" tests="3" name="Test2" time="20.612" errors="0" timestamp="2023-11-09T16:51:27 IST">
  <testcase classname="testNGEcecution.TC_03" name="navigatingToAjio" time="8.827"/>
  <testcase classname="testNGEcecution.TC_02" name="navigatingToFlipkart" time="6.03"/>
  <testcase classname="testNGEcecution.TC_01" name="navigatingToAmazon" time="5.68"/>
</testsuite> <!-- Test2 -->
